<?xml version="1.0" encoding="UTF-8"?>
<testsuite xmlns:xsi="http://www.w3.org/2001/XMLSchema-instance" xsi:noNamespaceSchemaLocation="https://maven.apache.org/surefire/maven-surefire-plugin/xsd/surefire-test-report-3.0.xsd" version="3.0" name="dev.ratas.aggressiveanimals.aggressive.settings.type.BuilderTest" time="0.036" tests="4" errors="0" skipped="0" failures="0">
  <properties>
[...]
</properties>
  <testcase name="test_builderBuildsFromEmpty" classname="dev.ratas.aggressiveanimals.aggressive.settings.type.BuilderTest" time="0.006"/>
  <testcase name="test_builderBuildsFoxWithIncludeTameable" classname="dev.ratas.aggressiveanimals.aggressive.settings.type.BuilderTest" time="0.011"/>
  <testcase name="test_builderFailsNonTameableWithIncludeTameable" classname="dev.ratas.aggressiveanimals.aggressive.settings.type.BuilderTest" time="0.008"/>
  <testcase name="test_builderBuildsTameableWithIncludeTameable" classname="dev.ratas.aggressiveanimals.aggressive.settings.type.BuilderTest" time="0.006"/>
</testsuite>